# JRE version: OpenJDK Runtime Environment Temurin-17.0.7+7 (17.0.7+7) (build 17.0.7+7)
# Java VM: OpenJDK 64-Bit Server VM Temurin-17.0.7+7 (17.0.7+7, mixed mode, tiered, compressed oops, compressed class ptrs, parallel gc, windows-amd64)
GC Precious Log:
 CPUs: 12 total, 12 available
 Memory: 15775M
 Large Page Support: Disabled
 NUMA Support: Disabled
 Compressed Oops: Enabled (32-bit)
 Alignments: Space 512K, Generation 512K, Heap 2M
 Heap Min Capacity: 100M
 Heap Initial Capacity: 100M
 Heap Max Capacity: 1G
 Pre-touch: Disabled
 Parallel Workers: 10
Heap:
 PSYoungGen      total 54784K, used 49810K [0x00000000eab00000, 0x00000000eed80000, 0x0000000100000000)
  eden space 41472K, 90% used [0x00000000eab00000,0x00000000ecfc1108,0x00000000ed380000)
  from space 13312K, 91% used [0x00000000ee080000,0x00000000eec639d0,0x00000000eed80000)
  to   space 13312K, 0% used [0x00000000ed380000,0x00000000ed380000,0x00000000ee080000)
 ParOldGen       total 446464K, used 417157K [0x00000000c0000000, 0x00000000db400000, 0x00000000eab00000)
  object space 446464K, 93% used [0x00000000c0000000,0x00000000d9761630,0x00000000db400000)
 Metaspace       used 82098K, committed 83456K, reserved 1179648K
  class space    used 8675K, committed 9280K, reserved 1048576K
GC Heap History (20 events):
Event: 25.338 GC heap before
{Heap before GC invocations=233 (full 15):
 PSYoungGen      total 40960K, used 40488K [0x00000000eab00000, 0x00000000ee480000, 0x0000000100000000)
  eden space 35840K, 100% used [0x00000000eab00000,0x00000000ece00000,0x00000000ece00000)
  from space 5120K, 90% used [0x00000000edf80000,0x00000000ee40a138,0x00000000ee480000)
  to   space 5632K, 0% used [0x00000000ed980000,0x00000000ed980000,0x00000000edf00000)
 ParOldGen       total 446464K, used 382385K [0x00000000c0000000, 0x00000000db400000, 0x00000000eab00000)
  object space 446464K, 85% used [0x00000000c0000000,0x00000000d756c688,0x00000000db400000)
 Metaspace       used 80986K, committed 82368K, reserved 1179648K
  class space    used 8568K, committed 9152K, reserved 1048576K
}
Event: 25.344 GC heap after
{Heap after GC invocations=233 (full 15):
 PSYoungGen      total 40960K, used 5601K [0x00000000eab00000, 0x00000000ee280000, 0x0000000100000000)
  eden space 35328K, 0% used [0x00000000eab00000,0x00000000eab00000,0x00000000ecd80000)
  from space 5632K, 99% used [0x00000000ed980000,0x00000000edef87a0,0x00000000edf00000)
  to   space 3584K, 0% used [0x00000000edf00000,0x00000000edf00000,0x00000000ee280000)
 ParOldGen       total 446464K, used 386232K [0x00000000c0000000, 0x00000000db400000, 0x00000000eab00000)
  object space 446464K, 86% used [0x00000000c0000000,0x00000000d792e388,0x00000000db400000)
 Metaspace       used 80986K, committed 82368K, reserved 1179648K
  class space    used 8568K, committed 9152K, reserved 1048576K
}
Event: 25.642 GC heap before
{Heap before GC invocations=234 (full 15):
 PSYoungGen      total 40960K, used 40929K [0x00000000eab00000, 0x00000000ee280000, 0x0000000100000000)
  eden space 35328K, 100% used [0x00000000eab00000,0x00000000ecd80000,0x00000000ecd80000)
  from space 5632K, 99% used [0x00000000ed980000,0x00000000edef87a0,0x00000000edf00000)
  to   space 3584K, 0% used [0x00000000edf00000,0x00000000edf00000,0x00000000ee280000)
 ParOldGen       total 446464K, used 386232K [0x00000000c0000000, 0x00000000db400000, 0x00000000eab00000)
  object space 446464K, 86% used [0x00000000c0000000,0x00000000d792e388,0x00000000db400000)
 Metaspace       used 81740K, committed 83200K, reserved 1179648K
  class space    used 8659K, committed 9280K, reserved 1048576K
}
Event: 25.650 GC heap after
{Heap after GC invocations=234 (full 15):
 PSYoungGen      total 38400K, used 3566K [0x00000000eab00000, 0x00000000ee280000, 0x0000000100000000)
  eden space 34816K, 0% used [0x00000000eab00000,0x00000000eab00000,0x00000000ecd00000)
  from space 3584K, 99% used [0x00000000edf00000,0x00000000ee27b950,0x00000000ee280000)
  to   space 10752K, 0% used [0x00000000ecd80000,0x00000000ecd80000,0x00000000ed800000)
 ParOldGen       total 446464K, used 392801K [0x00000000c0000000, 0x00000000db400000, 0x00000000eab00000)
  object space 446464K, 87% used [0x00000000c0000000,0x00000000d7f98528,0x00000000db400000)
 Metaspace       used 81740K, committed 83200K, reserved 1179648K
  class space    used 8659K, committed 9280K, reserved 1048576K
}
Event: 26.001 GC heap before
{Heap before GC invocations=235 (full 15):
 PSYoungGen      total 38400K, used 38382K [0x00000000eab00000, 0x00000000ee280000, 0x0000000100000000)
  eden space 34816K, 99% used [0x00000000eab00000,0x00000000eccffff8,0x00000000ecd00000)
  from space 3584K, 99% used [0x00000000edf00000,0x00000000ee27b950,0x00000000ee280000)
  to   space 10752K, 0% used [0x00000000ecd80000,0x00000000ecd80000,0x00000000ed800000)
 ParOldGen       total 446464K, used 392801K [0x00000000c0000000, 0x00000000db400000, 0x00000000eab00000)
  object space 446464K, 87% used [0x00000000c0000000,0x00000000d7f98528,0x00000000db400000)
 Metaspace       used 81865K, committed 83264K, reserved 1179648K
  class space    used 8674K, committed 9280K, reserved 1048576K
}
Event: 26.007 GC heap after
{Heap after GC invocations=235 (full 15):
 PSYoungGen      total 41472K, used 6774K [0x00000000eab00000, 0x00000000edf80000, 0x0000000100000000)
  eden space 34304K, 0% used [0x00000000eab00000,0x00000000eab00000,0x00000000ecc80000)
  from space 7168K, 94% used [0x00000000ecd80000,0x00000000ed41db00,0x00000000ed480000)
  to   space 8192K, 0% used [0x00000000ed780000,0x00000000ed780000,0x00000000edf80000)
 ParOldGen       total 446464K, used 395067K [0x00000000c0000000, 0x00000000db400000, 0x00000000eab00000)
  object space 446464K, 88% used [0x00000000c0000000,0x00000000d81cec58,0x00000000db400000)
 Metaspace       used 81865K, committed 83264K, reserved 1179648K
  class space    used 8674K, committed 9280K, reserved 1048576K
}
Event: 26.232 GC heap before
{Heap before GC invocations=236 (full 15):
 PSYoungGen      total 41472K, used 41078K [0x00000000eab00000, 0x00000000edf80000, 0x0000000100000000)
  eden space 34304K, 100% used [0x00000000eab00000,0x00000000ecc80000,0x00000000ecc80000)
  from space 7168K, 94% used [0x00000000ecd80000,0x00000000ed41db00,0x00000000ed480000)
  to   space 8192K, 0% used [0x00000000ed780000,0x00000000ed780000,0x00000000edf80000)
 ParOldGen       total 446464K, used 395067K [0x00000000c0000000, 0x00000000db400000, 0x00000000eab00000)
  object space 446464K, 88% used [0x00000000c0000000,0x00000000d81cec58,0x00000000db400000)
 Metaspace       used 81915K, committed 83328K, reserved 1179648K
  class space    used 8675K, committed 9280K, reserved 1048576K
}
Event: 26.238 GC heap after
{Heap after GC invocations=236 (full 15):
 PSYoungGen      total 41984K, used 8176K [0x00000000eab00000, 0x00000000ee000000, 0x0000000100000000)
  eden space 33792K, 0% used [0x00000000eab00000,0x00000000eab00000,0x00000000ecc00000)
  from space 8192K, 99% used [0x00000000ed780000,0x00000000edf7c150,0x00000000edf80000)
  to   space 10240K, 0% used [0x00000000ecc00000,0x00000000ecc00000,0x00000000ed600000)
 ParOldGen       total 446464K, used 396555K [0x00000000c0000000, 0x00000000db400000, 0x00000000eab00000)
  object space 446464K, 88% used [0x00000000c0000000,0x00000000d8342c58,0x00000000db400000)
 Metaspace       used 81915K, committed 83328K, reserved 1179648K
  class space    used 8675K, committed 9280K, reserved 1048576K
}
Event: 26.401 GC heap before
{Heap before GC invocations=237 (full 15):
 PSYoungGen      total 41984K, used 39936K [0x00000000eab00000, 0x00000000ee000000, 0x0000000100000000)
  eden space 33792K, 93% used [0x00000000eab00000,0x00000000eca04150,0x00000000ecc00000)
  from space 8192K, 99% used [0x00000000ed780000,0x00000000edf7c150,0x00000000edf80000)
  to   space 10240K, 0% used [0x00000000ecc00000,0x00000000ecc00000,0x00000000ed600000)
 ParOldGen       total 446464K, used 396555K [0x00000000c0000000, 0x00000000db400000, 0x00000000eab00000)
  object space 446464K, 88% used [0x00000000c0000000,0x00000000d8342c58,0x00000000db400000)
 Metaspace       used 81963K, committed 83392K, reserved 1179648K
  class space    used 8675K, committed 9280K, reserved 1048576K
}
Event: 26.408 GC heap after
{Heap after GC invocations=237 (full 15):
 PSYoungGen      total 40448K, used 6721K [0x00000000eab00000, 0x00000000edb80000, 0x0000000100000000)
  eden space 33280K, 0% used [0x00000000eab00000,0x00000000eab00000,0x00000000ecb80000)
  from space 7168K, 93% used [0x00000000ecc00000,0x00000000ed290750,0x00000000ed300000)
  to   space 8192K, 0% used [0x00000000ed380000,0x00000000ed380000,0x00000000edb80000)
 ParOldGen       total 446464K, used 401684K [0x00000000c0000000, 0x00000000db400000, 0x00000000eab00000)
  object space 446464K, 89% used [0x00000000c0000000,0x00000000d8845130,0x00000000db400000)
 Metaspace       used 81963K, committed 83392K, reserved 1179648K
  class space    used 8675K, committed 9280K, reserved 1048576K
}
Event: 26.425 GC heap before
{Heap before GC invocations=238 (full 15):
 PSYoungGen      total 40448K, used 40001K [0x00000000eab00000, 0x00000000edb80000, 0x0000000100000000)
  eden space 33280K, 100% used [0x00000000eab00000,0x00000000ecb80000,0x00000000ecb80000)
  from space 7168K, 93% used [0x00000000ecc00000,0x00000000ed290750,0x00000000ed300000)
  to   space 8192K, 0% used [0x00000000ed380000,0x00000000ed380000,0x00000000edb80000)
 ParOldGen       total 446464K, used 401684K [0x00000000c0000000, 0x00000000db400000, 0x00000000eab00000)
  object space 446464K, 89% used [0x00000000c0000000,0x00000000d8845130,0x00000000db400000)
 Metaspace       used 81964K, committed 83392K, reserved 1179648K
  class space    used 8675K, committed 9280K, reserved 1048576K
}
Event: 26.433 GC heap after
{Heap after GC invocations=238 (full 15):
 PSYoungGen      total 42496K, used 7042K [0x00000000eab00000, 0x00000000edc80000, 0x0000000100000000)
  eden space 34304K, 0% used [0x00000000eab00000,0x00000000eab00000,0x00000000ecc80000)
  from space 8192K, 85% used [0x00000000ed380000,0x00000000eda60850,0x00000000edb80000)
  to   space 7168K, 0% used [0x00000000ecc80000,0x00000000ecc80000,0x00000000ed380000)
 ParOldGen       total 446464K, used 401684K [0x00000000c0000000, 0x00000000db400000, 0x00000000eab00000)
  object space 446464K, 89% used [0x00000000c0000000,0x00000000d8845130,0x00000000db400000)
 Metaspace       used 81964K, committed 83392K, reserved 1179648K
  class space    used 8675K, committed 9280K, reserved 1048576K
}
Event: 26.673 GC heap before
{Heap before GC invocations=239 (full 15):
 PSYoungGen      total 42496K, used 41346K [0x00000000eab00000, 0x00000000edc80000, 0x0000000100000000)
  eden space 34304K, 100% used [0x00000000eab00000,0x00000000ecc80000,0x00000000ecc80000)
  from space 8192K, 85% used [0x00000000ed380000,0x00000000eda60850,0x00000000edb80000)
  to   space 7168K, 0% used [0x00000000ecc80000,0x00000000ecc80000,0x00000000ed380000)
 ParOldGen       total 446464K, used 401684K [0x00000000c0000000, 0x00000000db400000, 0x00000000eab00000)
  object space 446464K, 89% used [0x00000000c0000000,0x00000000d8845130,0x00000000db400000)
 Metaspace       used 81978K, committed 83392K, reserved 1179648K
  class space    used 8675K, committed 9280K, reserved 1048576K
}
Event: 26.682 GC heap after
{Heap after GC invocations=239 (full 15):
 PSYoungGen      total 41472K, used 7163K [0x00000000eab00000, 0x00000000ee700000, 0x0000000100000000)
  eden space 34304K, 0% used [0x00000000eab00000,0x00000000eab00000,0x00000000ecc80000)
  from space 7168K, 99% used [0x00000000ecc80000,0x00000000ed37efd8,0x00000000ed380000)
  to   space 12288K, 0% used [0x00000000edb00000,0x00000000edb00000,0x00000000ee700000)
 ParOldGen       total 446464K, used 405796K [0x00000000c0000000, 0x00000000db400000, 0x00000000eab00000)
  object space 446464K, 90% used [0x00000000c0000000,0x00000000d8c49178,0x00000000db400000)
 Metaspace       used 81978K, committed 83392K, reserved 1179648K
  class space    used 8675K, committed 9280K, reserved 1048576K
}
Event: 26.906 GC heap before
{Heap before GC invocations=240 (full 15):
 PSYoungGen      total 41472K, used 41467K [0x00000000eab00000, 0x00000000ee700000, 0x0000000100000000)
  eden space 34304K, 100% used [0x00000000eab00000,0x00000000ecc80000,0x00000000ecc80000)
  from space 7168K, 99% used [0x00000000ecc80000,0x00000000ed37efd8,0x00000000ed380000)
  to   space 12288K, 0% used [0x00000000edb00000,0x00000000edb00000,0x00000000ee700000)
 ParOldGen       total 446464K, used 405796K [0x00000000c0000000, 0x00000000db400000, 0x00000000eab00000)
  object space 446464K, 90% used [0x00000000c0000000,0x00000000d8c49178,0x00000000db400000)
 Metaspace       used 82016K, committed 83392K, reserved 1179648K
  class space    used 8675K, committed 9280K, reserved 1048576K
}
Event: 26.920 GC heap after
{Heap after GC invocations=240 (full 15):
 PSYoungGen      total 46080K, used 8774K [0x00000000eab00000, 0x00000000ee400000, 0x0000000100000000)
  eden space 36864K, 0% used [0x00000000eab00000,0x00000000eab00000,0x00000000ecf00000)
  from space 9216K, 95% used [0x00000000edb00000,0x00000000ee391bd0,0x00000000ee400000)
  to   space 9728K, 0% used [0x00000000ed100000,0x00000000ed100000,0x00000000eda80000)
 ParOldGen       total 446464K, used 410246K [0x00000000c0000000, 0x00000000db400000, 0x00000000eab00000)
  object space 446464K, 91% used [0x00000000c0000000,0x00000000d90a18d8,0x00000000db400000)
 Metaspace       used 82016K, committed 83392K, reserved 1179648K
  class space    used 8675K, committed 9280K, reserved 1048576K
}
Event: 27.148 GC heap before
{Heap before GC invocations=241 (full 15):
 PSYoungGen      total 46080K, used 45638K [0x00000000eab00000, 0x00000000ee400000, 0x0000000100000000)
  eden space 36864K, 100% used [0x00000000eab00000,0x00000000ecf00000,0x00000000ecf00000)
  from space 9216K, 95% used [0x00000000edb00000,0x00000000ee391bd0,0x00000000ee400000)
  to   space 9728K, 0% used [0x00000000ed100000,0x00000000ed100000,0x00000000eda80000)
 ParOldGen       total 446464K, used 410246K [0x00000000c0000000, 0x00000000db400000, 0x00000000eab00000)
  object space 446464K, 91% used [0x00000000c0000000,0x00000000d90a18d8,0x00000000db400000)
 Metaspace       used 82026K, committed 83392K, reserved 1179648K
  class space    used 8675K, committed 9280K, reserved 1048576K
}
Event: 27.157 GC heap after
{Heap after GC invocations=241 (full 15):
 PSYoungGen      total 48640K, used 9713K [0x00000000eab00000, 0x00000000eef80000, 0x0000000100000000)
  eden space 38912K, 0% used [0x00000000eab00000,0x00000000eab00000,0x00000000ed100000)
  from space 9728K, 99% used [0x00000000ed100000,0x00000000eda7c448,0x00000000eda80000)
  to   space 15360K, 0% used [0x00000000ee080000,0x00000000ee080000,0x00000000eef80000)
 ParOldGen       total 446464K, used 414831K [0x00000000c0000000, 0x00000000db400000, 0x00000000eab00000)
  object space 446464K, 92% used [0x00000000c0000000,0x00000000d951bee8,0x00000000db400000)
 Metaspace       used 82026K, committed 83392K, reserved 1179648K
  class space    used 8675K, committed 9280K, reserved 1048576K
}
Event: 27.594 GC heap before
{Heap before GC invocations=242 (full 15):
 PSYoungGen      total 48640K, used 48625K [0x00000000eab00000, 0x00000000eef80000, 0x0000000100000000)
  eden space 38912K, 99% used [0x00000000eab00000,0x00000000ed0ffff0,0x00000000ed100000)
  from space 9728K, 99% used [0x00000000ed100000,0x00000000eda7c448,0x00000000eda80000)
  to   space 15360K, 0% used [0x00000000ee080000,0x00000000ee080000,0x00000000eef80000)
 ParOldGen       total 446464K, used 414831K [0x00000000c0000000, 0x00000000db400000, 0x00000000eab00000)
  object space 446464K, 92% used [0x00000000c0000000,0x00000000d951bee8,0x00000000db400000)
 Metaspace       used 82047K, committed 83456K, reserved 1179648K
  class space    used 8675K, committed 9280K, reserved 1048576K
}
Event: 27.605 GC heap after
{Heap after GC invocations=242 (full 15):
 PSYoungGen      total 54784K, used 12174K [0x00000000eab00000, 0x00000000eed80000, 0x0000000100000000)
  eden space 41472K, 0% used [0x00000000eab00000,0x00000000eab00000,0x00000000ed380000)
  from space 13312K, 91% used [0x00000000ee080000,0x00000000eec639d0,0x00000000eed80000)
  to   space 13312K, 0% used [0x00000000ed380000,0x00000000ed380000,0x00000000ee080000)
 ParOldGen       total 446464K, used 417157K [0x00000000c0000000, 0x00000000db400000, 0x00000000eab00000)
  object space 446464K, 93% used [0x00000000c0000000,0x00000000d9761630,0x00000000db400000)
 Metaspace       used 82047K, committed 83456K, reserved 1179648K
  class space    used 8675K, committed 9280K, reserved 1048576K
}

